[debug] [2023-12-30T21:02:34.104Z] ----------------------------------------------------------------------
[debug] [2023-12-30T21:02:34.105Z] Command:       /Users/brianyingling/.nvm/versions/node/v18.19.0/bin/node /Users/brianyingling/.nvm/versions/node/v14.21.0/bin/firebase init
[debug] [2023-12-30T21:02:34.105Z] CLI Version:   13.0.2
[debug] [2023-12-30T21:02:34.106Z] Platform:      darwin
[debug] [2023-12-30T21:02:34.106Z] Node Version:  v18.19.0
[debug] [2023-12-30T21:02:34.106Z] Time:          Sat Dec 30 2023 16:02:34 GMT-0500 (Eastern Standard Time)
[debug] [2023-12-30T21:02:34.106Z] ----------------------------------------------------------------------
[debug] 
[debug] [2023-12-30T21:02:34.147Z] > command requires scopes: ["email","openid","https://www.googleapis.com/auth/cloudplatformprojects.readonly","https://www.googleapis.com/auth/firebase","https://www.googleapis.com/auth/cloud-platform"]
[debug] [2023-12-30T21:02:34.147Z] > authorizing via signed-in user (byingling@gmail.com)
[info] 
     ######## #### ########  ######## ########     ###     ######  ########
     ##        ##  ##     ## ##       ##     ##  ##   ##  ##       ##
     ######    ##  ########  ######   ########  #########  ######  ######
     ##        ##  ##    ##  ##       ##     ## ##     ##       ## ##
     ##       #### ##     ## ######## ########  ##     ##  ######  ########

You're about to initialize a Firebase project in this directory:

  /Users/brianyingling/projects/building-micro-frontends-with-react-18/Building-Micro-Frontends-with-React-18/ch7/ebuy

Before we get started, keep in mind:

  * You are initializing within an existing Firebase project directory

[info] 
=== Project Setup
[info] 
[info] First, let's associate this project directory with a Firebase project.
[info] You can create multiple project aliases by running firebase use --add, 
[info] but for now we'll just set up a default project.
[info] 
[debug] [2023-12-30T21:02:44.365Z] Using project from CLI flag: ebuy-90233
[debug] [2023-12-30T21:02:44.367Z] >>> [apiv2][query] GET https://firebase.googleapis.com/v1beta1/projects/ebuy-90233 [none]
[debug] [2023-12-30T21:02:44.997Z] <<< [apiv2][status] GET https://firebase.googleapis.com/v1beta1/projects/ebuy-90233 403
[debug] [2023-12-30T21:02:44.997Z] <<< [apiv2][body] GET https://firebase.googleapis.com/v1beta1/projects/ebuy-90233 {"error":{"code":403,"message":"The caller does not have permission","status":"PERMISSION_DENIED"}}
[debug] [2023-12-30T21:02:44.998Z] HTTP Error: 403, The caller does not have permission
[debug] [2023-12-30T21:02:45.134Z] FirebaseError: HTTP Error: 403, The caller does not have permission
    at responseToError (/Users/brianyingling/.nvm/versions/node/v14.21.0/lib/node_modules/firebase-tools/lib/responseToError.js:49:12)
    at RetryOperation._fn (/Users/brianyingling/.nvm/versions/node/v14.21.0/lib/node_modules/firebase-tools/lib/apiv2.js:292:77)
    at process.processTicksAndRejections (node:internal/process/task_queues:95:5)
[error] 
[error] Error: Failed to get Firebase project ebuy-90233. Please make sure the project exists and your account has permission to access it.
[debug] [2023-12-30T21:03:36.673Z] ----------------------------------------------------------------------
[debug] [2023-12-30T21:03:36.674Z] Command:       /Users/brianyingling/.nvm/versions/node/v18.19.0/bin/node /Users/brianyingling/.nvm/versions/node/v14.21.0/bin/firebase init
[debug] [2023-12-30T21:03:36.675Z] CLI Version:   13.0.2
[debug] [2023-12-30T21:03:36.675Z] Platform:      darwin
[debug] [2023-12-30T21:03:36.675Z] Node Version:  v18.19.0
[debug] [2023-12-30T21:03:36.678Z] Time:          Sat Dec 30 2023 16:03:36 GMT-0500 (Eastern Standard Time)
[debug] [2023-12-30T21:03:36.678Z] ----------------------------------------------------------------------
[debug] 
[debug] [2023-12-30T21:03:36.681Z] > command requires scopes: ["email","openid","https://www.googleapis.com/auth/cloudplatformprojects.readonly","https://www.googleapis.com/auth/firebase","https://www.googleapis.com/auth/cloud-platform"]
[debug] [2023-12-30T21:03:36.682Z] > authorizing via signed-in user (byingling@gmail.com)
[info] 
     ######## #### ########  ######## ########     ###     ######  ########
     ##        ##  ##     ## ##       ##     ##  ##   ##  ##       ##
     ######    ##  ########  ######   ########  #########  ######  ######
     ##        ##  ##    ##  ##       ##     ## ##     ##       ## ##
     ##       #### ##     ## ######## ########  ##     ##  ######  ########

You're about to initialize a Firebase project in this directory:

  /Users/brianyingling/projects/building-micro-frontends-with-react-18/Building-Micro-Frontends-with-React-18/ch7/ebuy

[info] 
=== Project Setup
[info] 
[info] First, let's associate this project directory with a Firebase project.
[info] You can create multiple project aliases by running firebase use --add, 
[info] but for now we'll just set up a default project.
[info] 
[debug] [2023-12-30T21:03:40.363Z] Using project from CLI flag: ebuy-90233
[debug] [2023-12-30T21:03:40.366Z] >>> [apiv2][query] GET https://firebase.googleapis.com/v1beta1/projects/ebuy-90233 [none]
[debug] [2023-12-30T21:03:40.758Z] <<< [apiv2][status] GET https://firebase.googleapis.com/v1beta1/projects/ebuy-90233 403
[debug] [2023-12-30T21:03:40.758Z] <<< [apiv2][body] GET https://firebase.googleapis.com/v1beta1/projects/ebuy-90233 {"error":{"code":403,"message":"The caller does not have permission","status":"PERMISSION_DENIED"}}
[debug] [2023-12-30T21:03:40.758Z] HTTP Error: 403, The caller does not have permission
[debug] [2023-12-30T21:03:40.997Z] FirebaseError: HTTP Error: 403, The caller does not have permission
    at responseToError (/Users/brianyingling/.nvm/versions/node/v14.21.0/lib/node_modules/firebase-tools/lib/responseToError.js:49:12)
    at RetryOperation._fn (/Users/brianyingling/.nvm/versions/node/v14.21.0/lib/node_modules/firebase-tools/lib/apiv2.js:292:77)
    at process.processTicksAndRejections (node:internal/process/task_queues:95:5)
[error] 
[error] Error: Failed to get Firebase project ebuy-90233. Please make sure the project exists and your account has permission to access it.
[debug] [2023-12-30T21:04:03.602Z] ----------------------------------------------------------------------
[debug] [2023-12-30T21:04:03.603Z] Command:       /Users/brianyingling/.nvm/versions/node/v18.19.0/bin/node /Users/brianyingling/.nvm/versions/node/v14.21.0/bin/firebase init
[debug] [2023-12-30T21:04:03.603Z] CLI Version:   13.0.2
[debug] [2023-12-30T21:04:03.603Z] Platform:      darwin
[debug] [2023-12-30T21:04:03.603Z] Node Version:  v18.19.0
[debug] [2023-12-30T21:04:03.604Z] Time:          Sat Dec 30 2023 16:04:03 GMT-0500 (Eastern Standard Time)
[debug] [2023-12-30T21:04:03.604Z] ----------------------------------------------------------------------
[debug] 
[debug] [2023-12-30T21:04:03.607Z] > command requires scopes: ["email","openid","https://www.googleapis.com/auth/cloudplatformprojects.readonly","https://www.googleapis.com/auth/firebase","https://www.googleapis.com/auth/cloud-platform"]
[debug] [2023-12-30T21:04:03.607Z] > authorizing via signed-in user (byingling@gmail.com)
[info] 
     ######## #### ########  ######## ########     ###     ######  ########
     ##        ##  ##     ## ##       ##     ##  ##   ##  ##       ##
     ######    ##  ########  ######   ########  #########  ######  ######
     ##        ##  ##    ##  ##       ##     ## ##     ##       ## ##
     ##       #### ##     ## ######## ########  ##     ##  ######  ########

You're about to initialize a Firebase project in this directory:

  /Users/brianyingling/projects/building-micro-frontends-with-react-18/Building-Micro-Frontends-with-React-18/ch7/ebuy

[info] 
=== Project Setup
[info] 
[info] First, let's associate this project directory with a Firebase project.
[info] You can create multiple project aliases by running firebase use --add, 
[info] but for now we'll just set up a default project.
[info] 
[debug] [2023-12-30T21:04:18.039Z] >>> [apiv2][query] GET https://firebase.googleapis.com/v1beta1/projects pageSize=100
[debug] [2023-12-30T21:04:18.475Z] <<< [apiv2][status] GET https://firebase.googleapis.com/v1beta1/projects 200
[debug] [2023-12-30T21:04:18.476Z] <<< [apiv2][body] GET https://firebase.googleapis.com/v1beta1/projects [omitted]
[info] i  Using project ebuy-20fb3 (ebuy) 
[info] 
=== Hosting Setup
[debug] [2023-12-30T21:04:24.917Z] >>> [apiv2][query] GET https://firebase.googleapis.com/v1beta1/projects/ebuy-20fb3 [none]
[debug] [2023-12-30T21:04:25.138Z] <<< [apiv2][status] GET https://firebase.googleapis.com/v1beta1/projects/ebuy-20fb3 200
[debug] [2023-12-30T21:04:25.138Z] <<< [apiv2][body] GET https://firebase.googleapis.com/v1beta1/projects/ebuy-20fb3 {"projectId":"ebuy-20fb3","projectNumber":"200012231708","displayName":"ebuy","name":"projects/ebuy-20fb3","resources":{"hostingSite":"ebuy-20fb3"},"state":"ACTIVE","etag":"1_35db811d-cb65-4b0d-83da-26288b3ed3f2"}
[info] 
[info] Your public directory is the folder (relative to your project directory) that
[info] will contain Hosting assets to be uploaded with firebase deploy. If you
[info] have a build process for your assets, use your build's output directory.
[info] 
[debug] [2023-12-30T21:04:44.412Z] >>> [apiv2][query] GET https://www.gstatic.com/firebasejs/releases.json [none]
[debug] [2023-12-30T21:04:44.540Z] <<< [apiv2][status] GET https://www.gstatic.com/firebasejs/releases.json 200
[debug] [2023-12-30T21:04:44.540Z] <<< [apiv2][body] GET https://www.gstatic.com/firebasejs/releases.json {"current":{"version":"10.7.1","browserURL":"https://www.gstatic.com/firebasejs/10.7.1/firebase.js","packageURL":"https://www.gstatic.com/firebasejs/10.7.1/firebase.tgz"},"live":{"version":"10.7","browserURL":"https://www.gstatic.com/firebasejs/live/10.7/firebase.js","packageURL":"https://www.gstatic.com/firebasejs/live/10.7/firebase.tgz"},"components":{"analytics":"https://www.gstatic.com/firebasejs/10.7.1/firebase-analytics.js","app":"https://www.gstatic.com/firebasejs/10.7.1/firebase-app.js","app-check":"https://www.gstatic.com/firebasejs/10.7.1/firebase-app-check.js","auth":"https://www.gstatic.com/firebasejs/10.7.1/firebase-auth.js","auth/cordova":"https://www.gstatic.com/firebasejs/10.7.1/firebase-auth/cordova.js","functions":"https://www.gstatic.com/firebasejs/10.7.1/firebase-functions.js","firestore":"https://www.gstatic.com/firebasejs/10.7.1/firebase-firestore.js","firestore/lite":"https://www.gstatic.com/firebasejs/10.7.1/firebase-firestore/lite.js","installations":"https://www.gstatic.com/firebasejs/10.7.1/firebase-installations.js","storage":"https://www.gstatic.com/firebasejs/10.7.1/firebase-storage.js","performance":"https://www.gstatic.com/firebasejs/10.7.1/firebase-performance.js","remote-config":"https://www.gstatic.com/firebasejs/10.7.1/firebase-remote-config.js","messaging":"https://www.gstatic.com/firebasejs/10.7.1/firebase-messaging.js","messaging/sw":"https://www.gstatic.com/firebasejs/10.7.1/firebase-messaging/sw.js","database":"https://www.gstatic.com/firebasejs/10.7.1/firebase-database.js","firestore.memory":"https://www.gstatic.com/firebasejs/10.7.1/firebase-firestore.memory.js"}}
[info] ✔  Wrote public/index.html 
[info] 
[info] i  Detected a .git folder at /Users/brianyingling/projects/building-micro-frontends-with-react-18/Building-Micro-Frontends-with-React-18 
[info] i  Authorizing with GitHub to upload your service account to a GitHub repository's secrets store. 
[info] 
[info] Visit this URL on this device to log in:
[info] https://github.com/login/oauth/authorize?client_id=89cf50f02ac6aaed3484&state=1019494604&redirect_uri=http%3A%2F%2Flocalhost%3A9005&scope=read%3Auser%20repo%20public_repo
[info] 
[info] Waiting for authentication...
[debug] [2023-12-30T21:07:40.161Z] >>> [apiv2][query] POST https://github.com/login/oauth/access_token [none]
[debug] [2023-12-30T21:07:40.162Z] >>> [apiv2][body] POST https://github.com/login/oauth/access_token [stream]
[debug] [2023-12-30T21:07:40.378Z] <<< [apiv2][status] POST https://github.com/login/oauth/access_token 200
[debug] [2023-12-30T21:07:40.378Z] <<< [apiv2][body] POST https://github.com/login/oauth/access_token {"access_token":"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","token_type":"bearer","scope":"read:user,repo"}
[debug] [2023-12-30T21:07:40.391Z] >>> [apiv2][query] GET https://api.github.com/user [none]
[debug] [2023-12-30T21:07:40.609Z] <<< [apiv2][status] GET https://api.github.com/user 200
[debug] [2023-12-30T21:07:40.609Z] <<< [apiv2][body] GET https://api.github.com/user {"login":"brianyingling","id":3287568,"node_id":"MDQ6VXNlcjMyODc1Njg=","avatar_url":"https://avatars.githubusercontent.com/u/3287568?v=4","gravatar_id":"","url":"https://api.github.com/users/brianyingling","html_url":"https://github.com/brianyingling","followers_url":"https://api.github.com/users/brianyingling/followers","following_url":"https://api.github.com/users/brianyingling/following{/other_user}","gists_url":"https://api.github.com/users/brianyingling/gists{/gist_id}","starred_url":"https://api.github.com/users/brianyingling/starred{/owner}{/repo}","subscriptions_url":"https://api.github.com/users/brianyingling/subscriptions","organizations_url":"https://api.github.com/users/brianyingling/orgs","repos_url":"https://api.github.com/users/brianyingling/repos","events_url":"https://api.github.com/users/brianyingling/events{/privacy}","received_events_url":"https://api.github.com/users/brianyingling/received_events","type":"User","site_admin":false,"name":"Brian","company":null,"blog":"","location":null,"email":null,"hireable":null,"bio":null,"twitter_username":null,"public_repos":95,"public_gists":1,"followers":3,"following":1,"created_at":"2013-01-16T16:50:13Z","updated_at":"2023-12-30T21:06:57Z","private_gists":1,"total_private_repos":0,"owned_private_repos":0,"disk_usage":554993,"collaborators":0,"two_factor_authentication":false,"plan":{"name":"free","space":976562499,"collaborators":0,"private_repos":10000}}
[info] 
[info] ✔  Success! Logged into GitHub as brianyingling 
[info] 
[debug] [2023-12-30T21:07:51.584Z] >>> [apiv2][query] GET https://api.github.com/repos//actions/secrets/public-key type=owner
[debug] [2023-12-30T21:07:51.718Z] <<< [apiv2][status] GET https://api.github.com/repos//actions/secrets/public-key 404
[debug] [2023-12-30T21:07:51.718Z] <<< [apiv2][body] GET https://api.github.com/repos//actions/secrets/public-key {"message":"Not Found","documentation_url":"https://docs.github.com/rest"}
[info] 
[info] 
[error] ⚠  The provided authorization cannot be used with this repository. If this repository is in an organization, did you remember to grant access? 
[info] 
[info] i  Action required: Visit this URL to ensure access has been granted to the appropriate organization(s) for the Firebase CLI GitHub OAuth App: 
[info] https://github.com/settings/connections/applications/89cf50f02ac6aaed3484
[info] 
[debug] [2023-12-30T21:08:04.554Z] >>> [apiv2][query] GET https://api.github.com/repos//actions/secrets/public-key type=owner
[debug] [2023-12-30T21:08:04.758Z] <<< [apiv2][status] GET https://api.github.com/repos//actions/secrets/public-key 404
[debug] [2023-12-30T21:08:04.758Z] <<< [apiv2][body] GET https://api.github.com/repos//actions/secrets/public-key {"message":"Not Found","documentation_url":"https://docs.github.com/rest"}
[info] 
[info] 
[error] ⚠  The provided authorization cannot be used with this repository. If this repository is in an organization, did you remember to grant access? 
[info] 
[info] i  Action required: Visit this URL to ensure access has been granted to the appropriate organization(s) for the Firebase CLI GitHub OAuth App: 
[info] https://github.com/settings/connections/applications/89cf50f02ac6aaed3484
[info] 
